DEBUG 2016-07-19 22:52:14,621: 	 Executing command: 'submit'
DEBUG 2016-07-19 22:52:14,621: 	 Found CRAB cache file /afs/cern.ch/user/m/mamouzeg/.crab3
DEBUG 2016-07-19 22:52:14,631: 	 Checking credentials
DEBUG 2016-07-19 22:52:14,631: 	 Found proxy file /tmp/x509up_u66665
DEBUG 2016-07-19 22:52:14,631: 	 Getting proxy life time left
DEBUG 2016-07-19 22:52:15,548: 	 Executing : 
 command : voms-proxy-info -file /tmp/x509up_u66665 -timeleft
 output : 82861

 error: 
 retcode : 0
DEBUG 2016-07-19 22:52:16,370: 	 Executing : 
 command : voms-proxy-info -file /tmp/x509up_u66665 -actimeleft
 output : 82860

 error: 
 retcode : 0
DEBUG 2016-07-19 22:52:16,370: 	 Proxy valid for 23:01:01 hours
INFO 2016-07-19 22:52:16,370: 	 Will use CRAB configuration file jobs/mass_X_d_400_mass_pi_d_1_tau_pi_d_0p001/crabConfig.py
DEBUG 2016-07-19 22:52:16,371: 	 Loading CRAB configuration file.
DEBUG 2016-07-19 22:52:16,440: 	 Will use CRAB PrivateMC plugin (i.e. will run a MC generation job type).
DEBUG 2016-07-19 22:52:16,560: 	 Executing : 
 command : openssl x509 -in ~/.globus/usercert.pem -subject -noout
 output : subject= /DC=ch/DC=cern/OU=Organic Units/OU=Users/CN=mamouzeg/CN=756710/CN=Maya Amouzegar

 error: 
 retcode : 0
DEBUG 2016-07-19 22:52:16,560: 	 Checking credentials
DEBUG 2016-07-19 22:52:16,560: 	 Found proxy file /tmp/x509up_u66665
DEBUG 2016-07-19 22:52:16,560: 	 Getting proxy life time left
DEBUG 2016-07-19 22:52:17,372: 	 Executing : 
 command : voms-proxy-info -file /tmp/x509up_u66665 -timeleft
 output : 82859

 error: 
 retcode : 0
DEBUG 2016-07-19 22:52:18,087: 	 Executing : 
 command : voms-proxy-info -file /tmp/x509up_u66665 -actimeleft
 output : 82858

 error: 
 retcode : 0
DEBUG 2016-07-19 22:52:18,088: 	 Proxy valid for 23:00:59 hours
DEBUG 2016-07-19 22:52:18,804: 	 Executing : 
 command : env X509_USER_PROXY=/tmp/x509up_u66665 voms-proxy-info -fqan
 output : /cms/Role=NULL/Capability=NULL
/cms/uscms/Role=NULL/Capability=NULL

 error: 
 retcode : 0
DEBUG 2016-07-19 22:52:19,052: 	 Registering user credentials for server /DC=ch/DC=cern/OU=computers/CN=vocms(045|052|021|031|0118|0118a|0119|0108).cern.ch
DEBUG 2016-07-19 22:52:19,165: 	 Executing : 
 command : openssl x509 -in ~/.globus/usercert.pem -subject -noout
 output : subject= /DC=ch/DC=cern/OU=Organic Units/OU=Users/CN=mamouzeg/CN=756710/CN=Maya Amouzegar

 error: 
 retcode : 0
DEBUG 2016-07-19 22:52:19,165: 	 Getting myproxy life time left for myproxy.cern.ch
DEBUG 2016-07-19 22:52:19,165: 	 Calculating hash of /DC=ch/DC=cern/OU=Organic Units/OU=Users/CN=mamouzeg/CN=756710/CN=Maya Amouzegar_cmsweb.cern.ch for credential name
DEBUG 2016-07-19 22:52:20,272: 	 Executing : 
 command : myproxy-info -l 6ebafb63eec59b0b3be9253c97b2b00812a32b62 -s myproxy.cern.ch
 output : username: 6ebafb63eec59b0b3be9253c97b2b00812a32b62
owner: /DC=ch/DC=cern/OU=Organic Units/OU=Users/CN=mamouzeg/CN=756710/CN=Maya Amouzegar
  renewal policy: /DC=ch/DC=cern/OU=computers/CN=vocms(045|052|021|031|0118|0118a|0119|0108).cern.ch
  trusted retrieval policy: /DC=ch/DC=cern/OU=computers/CN=vocms(045|052|021|031|0118|0118a|0119|0108).cern.ch
  timeleft: 524:50:11  (21.9 days)

 error: 
 retcode : 0
DEBUG 2016-07-19 22:52:20,274: 	 Myproxy is valid: 1889411
DEBUG 2016-07-19 22:52:20,274: 	 Command use: submit
DEBUG 2016-07-19 22:52:20,274: 	 Options use: ['jobs/mass_X_d_400_mass_pi_d_1_tau_pi_d_0p001/crabConfig.py']
DEBUG 2016-07-19 22:52:20,550: 	 CRABClient version: 3.3.1607
DEBUG 2016-07-19 22:52:20,551: 	 Instance is prod
DEBUG 2016-07-19 22:52:20,551: 	 Server base url is cmsweb.cern.ch
DEBUG 2016-07-19 22:52:20,551: 	 Command url /crabserver/prod/workflow
DEBUG 2016-07-19 22:52:20,551: 	 Started submission
DEBUG 2016-07-19 22:52:20,551: 	 Working on /afs/cern.ch/user/m/mamouzeg/YOURWORKINGAREA/CMSSW_7_1_14/src/emjet_generate/crabTasks/EmJetSignalMC-20160719-225216/crab_EmJetSignalMC-20160719-225216
DEBUG 2016-07-19 22:52:20,870: 	 Loading required information from the environment
DEBUG 2016-07-19 22:52:20,871: 	 Found CMSSW_7_1_14 for slc6_amd64_gcc481 with base /afs/cern.ch/user/m/mamouzeg/YOURWORKINGAREA/CMSSW_7_1_14
DEBUG 2016-07-19 22:52:20,912: 	 UNIQUE NAME: tarUUID c7f13ef7-b549-4d24-8e2f-ca83770f1e96 
DEBUG 2016-07-19 22:52:20,912: 	 self.config: from WMCore.Configuration import Configuration
config = Configuration()
config.section_('General')
config.General.transferLogs = True
config.General.workArea = 'crabTasks/EmJetSignalMC-20160719-225216'
config.General.requestName = 'EmJetSignalMC-20160719-225216'
config.section_('JobType')
config.JobType.psetName = '/afs/cern.ch/user/m/mamouzeg/YOURWORKINGAREA/CMSSW_7_1_14/src/emjet_generate/jobs/mass_X_d_400_mass_pi_d_1_tau_pi_d_0p001/mass_X_d_400_mass_pi_d_1_tau_pi_d_0p001_cfg.py'
config.JobType.pluginName = 'PrivateMC'
config.JobType.scriptExe = 'cmsRunWrapper.sh'
config.section_('Data')
config.Data.outputDatasetTag = 'mass_X_d_400_mass_pi_d_1_tau_pi_d_0p001'
config.Data.publication = True
config.Data.unitsPerJob = 100
config.Data.splitting = 'EventBased'
config.Data.outLFNDirBase = '/store/user/mamouzeg/EmJet/'
config.Data.outputPrimaryDataset = 'EmergingJets_mass_X_d_400_mass_pi_d_1_tau_pi_d_0p001_TuneCUETP8M1_13TeV_pythia8Mod'
config.Data.totalUnits = 100
config.section_('Site')
config.Site.storageSite = 'T3_US_UMD'

DEBUG 2016-07-19 22:52:20,912: 	 self.config.JobType.psetName: /afs/cern.ch/user/m/mamouzeg/YOURWORKINGAREA/CMSSW_7_1_14/src/emjet_generate/jobs/mass_X_d_400_mass_pi_d_1_tau_pi_d_0p001/mass_X_d_400_mass_pi_d_1_tau_pi_d_0p001_cfg.py
INFO 2016-07-19 22:52:20,913: 	 Importing CMSSW configuration /afs/cern.ch/user/m/mamouzeg/YOURWORKINGAREA/CMSSW_7_1_14/src/emjet_generate/jobs/mass_X_d_400_mass_pi_d_1_tau_pi_d_0p001/mass_X_d_400_mass_pi_d_1_tau_pi_d_0p001_cfg.py
INFO 2016-07-19 22:52:21,750: 	 Finished importing CMSSW configuration /afs/cern.ch/user/m/mamouzeg/YOURWORKINGAREA/CMSSW_7_1_14/src/emjet_generate/jobs/mass_X_d_400_mass_pi_d_1_tau_pi_d_0p001/mass_X_d_400_mass_pi_d_1_tau_pi_d_0p001_cfg.py
DEBUG 2016-07-19 22:52:21,750: 	 Writing CMSSW configuration to /afs/cern.ch/user/m/mamouzeg/YOURWORKINGAREA/CMSSW_7_1_14/src/emjet_generate/crabTasks/EmJetSignalMC-20160719-225216/crab_EmJetSignalMC-20160719-225216/inputs/PSet.py
DEBUG 2016-07-19 22:52:22,295: 	 The following EDM output files will be collected: ['output.root']
DEBUG 2016-07-19 22:52:22,295: 	 The following TFile output files will be collected: []
DEBUG 2016-07-19 22:52:22,296: 	 The following user output files will be collected: []
DEBUG 2016-07-19 22:52:22,296: 	 Loading required information from the environment
DEBUG 2016-07-19 22:52:22,296: 	 Found CMSSW_7_1_14 for slc6_amd64_gcc481 with base /afs/cern.ch/user/m/mamouzeg/YOURWORKINGAREA/CMSSW_7_1_14
DEBUG 2016-07-19 22:52:22,296: 	 Making tarball in /afs/cern.ch/user/m/mamouzeg/YOURWORKINGAREA/CMSSW_7_1_14/src/emjet_generate/crabTasks/EmJetSignalMC-20160719-225216/crab_EmJetSignalMC-20160719-225216/inputs/c7f13ef7-b549-4d24-8e2f-ca83770f1e96default.tgz
DEBUG 2016-07-19 22:52:22,297: 	 Checking directory /afs/cern.ch/user/m/mamouzeg/YOURWORKINGAREA/CMSSW_7_1_14/lib
DEBUG 2016-07-19 22:52:22,297: 	 Adding directory /afs/cern.ch/user/m/mamouzeg/YOURWORKINGAREA/CMSSW_7_1_14/lib to tarball
DEBUG 2016-07-19 22:52:22,306: 	 Checking directory /afs/cern.ch/user/m/mamouzeg/YOURWORKINGAREA/CMSSW_7_1_14/biglib
DEBUG 2016-07-19 22:52:22,306: 	 Adding directory /afs/cern.ch/user/m/mamouzeg/YOURWORKINGAREA/CMSSW_7_1_14/biglib to tarball
DEBUG 2016-07-19 22:52:22,308: 	 Checking directory /afs/cern.ch/user/m/mamouzeg/YOURWORKINGAREA/CMSSW_7_1_14/module
DEBUG 2016-07-19 22:52:53,389: 	 Uploading archive /afs/cern.ch/user/m/mamouzeg/YOURWORKINGAREA/CMSSW_7_1_14/src/emjet_generate/crabTasks/EmJetSignalMC-20160719-225216/crab_EmJetSignalMC-20160719-225216/inputs/c7f13ef7-b549-4d24-8e2f-ca83770f1e96default.tgz to the CRAB cache. Using URI https://cmsweb.cern.ch/crabcache
DEBUG 2016-07-19 22:52:53,903: 	 Loading required information from the environment
DEBUG 2016-07-19 22:52:53,904: 	 Found CMSSW_7_1_14 for slc6_amd64_gcc481 with base /afs/cern.ch/user/m/mamouzeg/YOURWORKINGAREA/CMSSW_7_1_14
DEBUG 2016-07-19 22:52:53,904: 	 Making tarball in /afs/cern.ch/user/m/mamouzeg/YOURWORKINGAREA/CMSSW_7_1_14/src/emjet_generate/crabTasks/EmJetSignalMC-20160719-225216/crab_EmJetSignalMC-20160719-225216/inputs/debugFiles.tgz
DEBUG 2016-07-19 22:52:53,909: 	 Uploading archive /afs/cern.ch/user/m/mamouzeg/YOURWORKINGAREA/CMSSW_7_1_14/src/emjet_generate/crabTasks/EmJetSignalMC-20160719-225216/crab_EmJetSignalMC-20160719-225216/inputs/debugFiles.tgz to the CRAB cache. Using URI https://cmsweb.cern.ch/crabcache
DEBUG 2016-07-19 22:52:54,231: 	 Result uploading input files: 7455fba65934cff823bffda685b9120a34b3529ea2ef3e3bd9e016c16e827ec1.tar.gz 
INFO 2016-07-19 22:52:54,231: 	 Sending the request to the server
DEBUG 2016-07-19 22:52:54,231: 	 Submitting {'maxjobruntime': 1250, 'lfn': '/store/user/mamouzeg/EmJet/', 'savelogsflag': 1, 'useparent': 0, 'scriptexe': 'cmsRunWrapper.sh', 'asyncdest': 'T3_US_UMD', 'algoargs': 100, 'cachefilename': '7455fba65934cff823bffda685b9120a34b3529ea2ef3e3bd9e016c16e827ec1.tar.gz', 'numcores': 1, 'addoutputfiles': [], 'generator': 'pythia', 'maxmemory': 2000, 'publishdbsurl': 'https://cmsweb.cern.ch/dbs/prod/phys03/DBSWriter', 'priority': 10, 'jobsw': 'CMSSW_7_1_14', 'edmoutfiles': ['output.root'], 'userfiles': [], 'primarydataset': 'EmergingJets_mass_X_d_400_mass_pi_d_1_tau_pi_d_0p001_TuneCUETP8M1_13TeV_pythia8Mod', 'inputdata': '', 'ignorelocality': 0, 'dryrun': 0, 'workflow': 'crab_EmJetSignalMC-20160719-225216', 'adduserfiles': [], 'nonprodsw': 0, 'tfileoutfiles': [], 'oneEventMode': 0, 'debugfilename': '43cb85af2ba6ed8a5404d43b505f369ec1bbfd3fc0c91c6e32fddc4b395c2bf0.tar.gz', 'cacheurl': 'https://cmsweb.cern.ch/crabcache', 'saveoutput': 1, 'publication': 1, 'jobarch': 'slc6_amd64_gcc481', 'totalunits': 100, 'splitalgo': 'EventBased', 'nonvaliddata': 0, 'dbsurl': 'https://cmsweb.cern.ch/dbs/prod/global/DBSReader', 'publishgroupname': 0, 'jobtype': 'PrivateMC', 'publishname2': 'mass_X_d_400_mass_pi_d_1_tau_pi_d_0p001'} 
DEBUG 2016-07-19 22:52:54,231: 	 Encoded submit request: maxjobruntime=1250&lfn=%2Fstore%2Fuser%2Fmamouzeg%2FEmJet%2F&savelogsflag=1&useparent=0&scriptexe=cmsRunWrapper.sh&asyncdest=T3_US_UMD&algoargs=100&cachefilename=7455fba65934cff823bffda685b9120a34b3529ea2ef3e3bd9e016c16e827ec1.tar.gz&numcores=1&generator=pythia&maxmemory=2000&publishdbsurl=https%3A%2F%2Fcmsweb.cern.ch%2Fdbs%2Fprod%2Fphys03%2FDBSWriter&priority=10&jobsw=CMSSW_7_1_14&primarydataset=EmergingJets_mass_X_d_400_mass_pi_d_1_tau_pi_d_0p001_TuneCUETP8M1_13TeV_pythia8Mod&inputdata=&ignorelocality=0&dryrun=0&workflow=crab_EmJetSignalMC-20160719-225216&nonprodsw=0&oneEventMode=0&debugfilename=43cb85af2ba6ed8a5404d43b505f369ec1bbfd3fc0c91c6e32fddc4b395c2bf0.tar.gz&cacheurl=https%3A%2F%2Fcmsweb.cern.ch%2Fcrabcache&saveoutput=1&publication=1&jobarch=slc6_amd64_gcc481&totalunits=100&splitalgo=EventBased&nonvaliddata=0&dbsurl=https%3A%2F%2Fcmsweb.cern.ch%2Fdbs%2Fprod%2Fglobal%2FDBSReader&publishgroupname=0&jobtype=PrivateMC&publishname2=mass_X_d_400_mass_pi_d_1_tau_pi_d_0p001&edmoutfiles=output.root
DEBUG 2016-07-19 22:52:54,875: 	 Result: {'result': [{'RequestName': '160719_205254:mamouzeg_crab_EmJetSignalMC-20160719-225216'}]}
INFO 2016-07-19 22:52:54,879: 	 Success: Your task has been delivered to the CRAB3 server.
INFO 2016-07-19 22:52:54,879: 	 Task name: 160719_205254:mamouzeg_crab_EmJetSignalMC-20160719-225216
INFO 2016-07-19 22:52:54,879: 	 Please use 'crab status' to check how the submission process proceeds.
DEBUG 2016-07-19 22:52:54,879: 	 About to return
INFO 2016-07-19 22:52:54,882: 	 Log file is /afs/cern.ch/user/m/mamouzeg/YOURWORKINGAREA/CMSSW_7_1_14/src/emjet_generate/crabTasks/EmJetSignalMC-20160719-225216/crab_EmJetSignalMC-20160719-225216/crab.log
