DEBUG 2016-07-19 22:43:19,516: 	 Executing command: 'submit'
DEBUG 2016-07-19 22:43:19,517: 	 Found CRAB cache file /afs/cern.ch/user/m/mamouzeg/.crab3
DEBUG 2016-07-19 22:43:19,537: 	 Checking credentials
DEBUG 2016-07-19 22:43:19,538: 	 Found proxy file /tmp/x509up_u66665
DEBUG 2016-07-19 22:43:19,538: 	 Getting proxy life time left
DEBUG 2016-07-19 22:43:20,349: 	 Executing : 
 command : voms-proxy-info -file /tmp/x509up_u66665 -timeleft
 output : 83396

 error: 
 retcode : 0
DEBUG 2016-07-19 22:43:21,176: 	 Executing : 
 command : voms-proxy-info -file /tmp/x509up_u66665 -actimeleft
 output : 83395

 error: 
 retcode : 0
DEBUG 2016-07-19 22:43:21,176: 	 Proxy valid for 23:09:56 hours
INFO 2016-07-19 22:43:21,176: 	 Will use CRAB configuration file jobs/mass_X_d_400_mass_pi_d_1_tau_pi_d_0p001/crabConfig.py
DEBUG 2016-07-19 22:43:21,176: 	 Loading CRAB configuration file.
DEBUG 2016-07-19 22:43:22,205: 	 Will use CRAB PrivateMC plugin (i.e. will run a MC generation job type).
DEBUG 2016-07-19 22:43:22,339: 	 Executing : 
 command : openssl x509 -in ~/.globus/usercert.pem -subject -noout
 output : subject= /DC=ch/DC=cern/OU=Organic Units/OU=Users/CN=mamouzeg/CN=756710/CN=Maya Amouzegar

 error: 
 retcode : 0
DEBUG 2016-07-19 22:43:22,339: 	 Checking credentials
DEBUG 2016-07-19 22:43:22,339: 	 Found proxy file /tmp/x509up_u66665
DEBUG 2016-07-19 22:43:22,340: 	 Getting proxy life time left
DEBUG 2016-07-19 22:43:23,048: 	 Executing : 
 command : voms-proxy-info -file /tmp/x509up_u66665 -timeleft
 output : 83394

 error: 
 retcode : 0
DEBUG 2016-07-19 22:43:23,654: 	 Executing : 
 command : voms-proxy-info -file /tmp/x509up_u66665 -actimeleft
 output : 83393

 error: 
 retcode : 0
DEBUG 2016-07-19 22:43:23,654: 	 Proxy valid for 23:09:54 hours
DEBUG 2016-07-19 22:43:24,263: 	 Executing : 
 command : env X509_USER_PROXY=/tmp/x509up_u66665 voms-proxy-info -fqan
 output : /cms/Role=NULL/Capability=NULL
/cms/uscms/Role=NULL/Capability=NULL

 error: 
 retcode : 0
DEBUG 2016-07-19 22:43:24,545: 	 Registering user credentials for server /DC=ch/DC=cern/OU=computers/CN=vocms(045|052|021|031|0118|0118a|0119|0108).cern.ch
DEBUG 2016-07-19 22:43:24,659: 	 Executing : 
 command : openssl x509 -in ~/.globus/usercert.pem -subject -noout
 output : subject= /DC=ch/DC=cern/OU=Organic Units/OU=Users/CN=mamouzeg/CN=756710/CN=Maya Amouzegar

 error: 
 retcode : 0
DEBUG 2016-07-19 22:43:24,660: 	 Getting myproxy life time left for myproxy.cern.ch
DEBUG 2016-07-19 22:43:24,660: 	 Calculating hash of /DC=ch/DC=cern/OU=Organic Units/OU=Users/CN=mamouzeg/CN=756710/CN=Maya Amouzegar_cmsweb.cern.ch for credential name
DEBUG 2016-07-19 22:43:25,470: 	 Executing : 
 command : myproxy-info -l 6ebafb63eec59b0b3be9253c97b2b00812a32b62 -s myproxy.cern.ch
 output : username: 6ebafb63eec59b0b3be9253c97b2b00812a32b62
owner: /DC=ch/DC=cern/OU=Organic Units/OU=Users/CN=mamouzeg/CN=756710/CN=Maya Amouzegar
  renewal policy: /DC=ch/DC=cern/OU=computers/CN=vocms(045|052|021|031|0118|0118a|0119|0108).cern.ch
  trusted retrieval policy: /DC=ch/DC=cern/OU=computers/CN=vocms(045|052|021|031|0118|0118a|0119|0108).cern.ch
  timeleft: 524:59:06  (21.9 days)

 error: 
 retcode : 0
DEBUG 2016-07-19 22:43:25,471: 	 Myproxy is valid: 1889946
DEBUG 2016-07-19 22:43:25,471: 	 Command use: submit
DEBUG 2016-07-19 22:43:25,471: 	 Options use: ['jobs/mass_X_d_400_mass_pi_d_1_tau_pi_d_0p001/crabConfig.py']
DEBUG 2016-07-19 22:43:25,767: 	 CRABClient version: 3.3.1607
DEBUG 2016-07-19 22:43:25,767: 	 Instance is prod
DEBUG 2016-07-19 22:43:25,767: 	 Server base url is cmsweb.cern.ch
DEBUG 2016-07-19 22:43:25,767: 	 Command url /crabserver/prod/workflow
DEBUG 2016-07-19 22:43:25,767: 	 Started submission
DEBUG 2016-07-19 22:43:25,767: 	 Working on /afs/cern.ch/user/m/mamouzeg/YOURWORKINGAREA/CMSSW_7_1_14/src/emjet_generate/crabTasks/EmJetSignalMC-20160719-224322/crab_EmJetSignalMC-20160719-224322
DEBUG 2016-07-19 22:43:26,154: 	 Loading required information from the environment
DEBUG 2016-07-19 22:43:26,154: 	 Found CMSSW_7_1_14 for slc6_amd64_gcc481 with base /afs/cern.ch/user/m/mamouzeg/YOURWORKINGAREA/CMSSW_7_1_14
DEBUG 2016-07-19 22:43:26,229: 	 UNIQUE NAME: tarUUID 6cb0dae5-af7e-463d-b339-3c6415e5a274 
DEBUG 2016-07-19 22:43:26,230: 	 self.config: from WMCore.Configuration import Configuration
config = Configuration()
config.section_('General')
config.General.transferLogs = True
config.General.workArea = 'crabTasks/EmJetSignalMC-20160719-224322'
config.General.requestName = 'EmJetSignalMC-20160719-224322'
config.section_('JobType')
config.JobType.psetName = 'jobs/mass_X_d_400_mass_pi_d_1_tau_pi_d_0p001/mass_X_d_400_mass_pi_d_1_tau_pi_d_0p001_cfi.py'
config.JobType.pluginName = 'PrivateMC'
config.JobType.scriptExe = 'cmsRunWrapper.sh'
config.section_('Data')
config.Data.outputDatasetTag = 'mass_X_d_400_mass_pi_d_1_tau_pi_d_0p001'
config.Data.publication = True
config.Data.unitsPerJob = 100
config.Data.splitting = 'EventBased'
config.Data.outLFNDirBase = '/store/user/mamouzeg/EmJet/'
config.Data.outputPrimaryDataset = 'EmergingJets_mass_X_d_400_mass_pi_d_1_tau_pi_d_0p001_TuneCUETP8M1_13TeV_pythia8Mod'
config.Data.totalUnits = 100
config.section_('Site')
config.Site.storageSite = 'T3_US_UMD'

DEBUG 2016-07-19 22:43:26,230: 	 self.config.JobType.psetName: jobs/mass_X_d_400_mass_pi_d_1_tau_pi_d_0p001/mass_X_d_400_mass_pi_d_1_tau_pi_d_0p001_cfi.py
INFO 2016-07-19 22:43:26,230: 	 Importing CMSSW configuration jobs/mass_X_d_400_mass_pi_d_1_tau_pi_d_0p001/mass_X_d_400_mass_pi_d_1_tau_pi_d_0p001_cfi.py
INFO 2016-07-19 22:43:26,349: 	 Finished importing CMSSW configuration jobs/mass_X_d_400_mass_pi_d_1_tau_pi_d_0p001/mass_X_d_400_mass_pi_d_1_tau_pi_d_0p001_cfi.py
ERROR 2016-07-19 22:43:26,351: 	 Unhandled Exception!
ERROR 2016-07-19 22:43:26,351: 	 'module' object has no attribute 'process'
Traceback (most recent call last):
  File "/cvmfs/cms.cern.ch/crab3/slc6_amd64_gcc493/cms/crabclient/3.3.1607/bin/crab", line 160, in <module>
    client()
  File "/cvmfs/cms.cern.ch/crab3/slc6_amd64_gcc493/cms/crabclient/3.3.1607/bin/crab", line 148, in __call__
    self.cmd()
  File "/cvmfs/cms.cern.ch/crab3/slc6_amd64_gcc493/cms/crabclient/3.3.1607/lib/python2.7/site-packages/CRABClient/Commands/submit.py", line 98, in __call__
    dummy_inputfiles, jobconfig = plugjobtype.run(filecacheurl)
  File "/cvmfs/cms.cern.ch/crab3/slc6_amd64_gcc493/cms/crabclient/3.3.1607/lib/python2.7/site-packages/CRABClient/JobType/PrivateMC.py", line 22, in run
    tarFilename, configArguments = super(PrivateMC, self).run(*args, **kwargs)
  File "/cvmfs/cms.cern.ch/crab3/slc6_amd64_gcc493/cms/crabclient/3.3.1607/lib/python2.7/site-packages/CRABClient/JobType/Analysis.py", line 92, in run
    valid, msg = self.cmsswCfg.validateConfig()
  File "/cvmfs/cms.cern.ch/crab3/slc6_amd64_gcc493/cms/crabclient/3.3.1607/lib/python2.7/site-packages/CRABClient/JobType/CMSSWConfig.py", line 229, in validateConfig
    if not getattr(self.fullConfig, 'process'):
AttributeError: 'module' object has no attribute 'process'
ERROR 2016-07-19 22:43:26,372: 	 ERROR: AttributeError: 'module' object has no attribute 'process'
ERROR 2016-07-19 22:43:26,373: 	 
	Please email hn-cms-computing-tools@cern.ch for support with the crab.log file or crab.log URL.
ERROR 2016-07-19 22:43:26,373: 	 	Client Version: 3.3.1607
INFO 2016-07-19 22:43:26,373: 	 Fetching user enviroment to log file
DEBUG 2016-07-19 22:43:26,373: 	 Running env command
DEBUG 2016-07-19 22:43:26,382: 	 


USER ENVIROMENT
G4LEVELGAMMADATA=/cvmfs/cms.cern.ch/slc6_amd64_gcc481/external/geant4-G4PhotonEvaporation/3.0/data/PhotonEvaporation3.0
SRT_G4LEVELGAMMADATA_SCRAMRTDEL=/cvmfs/cms.cern.ch/slc6_amd64_gcc481/external/geant4-G4PhotonEvaporation/3.0/data/PhotonEvaporation3.0
CMSSW_RELEASE_BASE=/cvmfs/cms.cern.ch/slc6_amd64_gcc481/cms/cmssw/CMSSW_7_1_14
MANPATH=/cvmfs/cms.cern.ch/share/man:/cvmfs/cms.cern.ch/share/man:
SCRAMRT_SET=CMSSW:CMSSW_7_1_14:slc6_amd64_gcc481:V2_2_6_pre5:SRT_
CMSSW_FWLITE_INCLUDE_PATH=/cvmfs/cms.cern.ch/slc6_amd64_gcc481/external/sherpa/2.1.1-cms5/include:/cvmfs/cms.cern.ch/slc6_amd64_gcc481/external/hepmc/2.06.07-cms4/include:/cvmfs/cms.cern.ch/slc6_amd64_gcc481/external/boost/1.51.0-cms2/include:/cvmfs/cms.cern.ch/slc6_amd64_gcc481/external/clhep/2.1.4.1-cms/include
COMPILER_RUNTIME_OBJECTS=/cvmfs/cms.cern.ch/slc6_amd64_gcc481/external/gcc/4.8.1
HOSTNAME=lxplus008.cern.ch
SRT_MALLOC_CONF_SCRAMRTDEL=lg_chunk:18,lg_dirty_mult:4
SELINUX_ROLE_REQUESTED=
ROOT_INCLUDE_PATH=/afs/cern.ch/user/m/mamouzeg/YOURWORKINGAREA/CMSSW_7_1_14/src:/cvmfs/cms.cern.ch/slc6_amd64_gcc481/cms/cmssw/CMSSW_7_1_14/src
SHELL=/bin/bash
SRT_GEANT4_PARFULLCMS_CONFIG_DIR_SCRAMRTDEL=/cvmfs/cms.cern.ch/slc6_amd64_gcc481/external/geant4-parfullcms/2014.01.27-cms3/share/ParFullCMS
TERM=screen
DBSCMD_HOME=/cvmfs/cms.cern.ch/slc6_amd64_gcc481/cms/dbs-client/DBS_2_1_9-cms2/lib/DBSAPI
HISTSIZE=1000
PDFPATH=/cvmfs/cms.cern.ch/slc6_amd64_gcc481/external/rivet/1.8.2-cms8/share
SRT_TNS_ADMIN_SCRAMRTDEL=/cvmfs/cms.cern.ch/slc6_amd64_gcc481/cms/oracle-env/29-cms/etc
NLS_LANG=AMERICAN_AMERICA.WE8ISO8859P1
SSH_CLIENT=206.196.187.36 49167 22
TMPDIR=/tmp/mamouzeg
LHAPATH=/cvmfs/cms.cern.ch/slc6_amd64_gcc481/external/lhapdf/5.9.1-cms3/share/lhapdf/PDFsets
G4FORCENUMBEROFTHREADS=max
PERL5LIB=/cvmfs/cms.cern.ch/slc6_amd64_gcc481/external/git/1.8.3.1-cms3/share/perl5
SRT_PDFPATH_SCRAMRTDEL=/cvmfs/cms.cern.ch/slc6_amd64_gcc481/external/rivet/1.8.2-cms8/share
SRT_QTDIR_SCRAMRT=/cvmfs/cms.cern.ch/slc6_amd64_gcc481/external/qt/4.8.1
CMSSW_DATA_PATH=/cvmfs/cms.cern.ch/slc6_amd64_gcc481/cms
CVSROOT=:gserver:cmssw.cvs.cern.ch:/local/reps/CMSSW
GT_PROXY_MODE=old
SELINUX_USE_CURRENT_RANGE=
CMSSW_GIT_HASH=CMSSW_7_1_14
SRT_G4ABLADATA_SCRAMRTDEL=/cvmfs/cms.cern.ch/slc6_amd64_gcc481/external/geant4-G4ABLA/3.0/data/G4ABLA3.0
QTDIR=/cvmfs/cms.cern.ch/slc6_amd64_gcc481/external/qt/4.8.1:/usr/lib64/qt-3.3
G4NEUTRONXSDATA=/cvmfs/cms.cern.ch/slc6_amd64_gcc481/external/geant4-G4NEUTRONXS/1.4/data/G4NEUTRONXS1.4
QTINC=/cvmfs/cms.cern.ch/slc6_amd64_gcc481/external/qt/4.8.1/include:/usr/lib64/qt-3.3/include
SCRAM_ARCH=slc6_amd64_gcc481
SRT_COMPILER_RUNTIME_OBJECTS_SCRAMRTDEL=/cvmfs/cms.cern.ch/slc6_amd64_gcc481/external/gcc/4.8.1
DBS_CLIENT_CONFIG=/cvmfs/cms.cern.ch/slc6_amd64_gcc481/cms/dbs-client/DBS_2_1_9-cms2/lib/DBSAPI/dbs.config
GIT_SSL_CAINFO=/cvmfs/cms.cern.ch/slc6_amd64_gcc481/external/git/1.8.3.1-cms3/share/ssl/certs/ca-bundle.crt
SRT_GIT_EXEC_PATH_SCRAMRTDEL=/cvmfs/cms.cern.ch/slc6_amd64_gcc481/external/git/1.8.3.1-cms3/libexec/git-core
SSH_TTY=/dev/pts/24
EVTGENDATA=/cvmfs/cms.cern.ch/slc6_amd64_gcc481/external/evtgen/1.3.0-cms11/share
SRT_ROOT_INCLUDE_PATH_SCRAMRTDEL=/afs/cern.ch/user/m/mamouzeg/YOURWORKINGAREA/CMSSW_7_1_14/src:/cvmfs/cms.cern.ch/slc6_amd64_gcc481/cms/cmssw/CMSSW_7_1_14/src
STAGE_HOST=castorcms
G4LEDATA=/cvmfs/cms.cern.ch/slc6_amd64_gcc481/external/geant4-G4EMLOW/6.35/data/G4EMLOW6.35
SRT_QTINC_SCRAMRT=/cvmfs/cms.cern.ch/slc6_amd64_gcc481/external/qt/4.8.1/include
USER=mamouzeg
LD_LIBRARY_PATH=/cvmfs/cms.cern.ch/crab3/slc6_amd64_gcc493/cms/crabclient/3.3.1607/lib:/cvmfs/cms.cern.ch/crab3/slc6_amd64_gcc493/external/py2-ipython/0.10-comp2/lib:/cvmfs/cms.cern.ch/crab3/slc6_amd64_gcc493/cms/dbs3-pycurl-client/3.3.144/lib:/cvmfs/cms.cern.ch/crab3/slc6_amd64_gcc493/external/py2-httplib2/0.7.1-comp3/lib:/cvmfs/cms.cern.ch/crab3/slc6_amd64_gcc493/external/py2-pycurl/7.19.3-comp3/lib:/cvmfs/cms.cern.ch/crab3/slc6_amd64_gcc493/external/py2-cjson/1.0.5-comp3/lib:/cvmfs/cms.cern.ch/crab3/slc6_amd64_gcc493/external/py2-sphinx/1.3.5/lib:/cvmfs/cms.cern.ch/crab3/slc6_amd64_gcc493/external/py2-pygments/2.1.3/lib:/cvmfs/cms.cern.ch/crab3/slc6_amd64_gcc493/external/py2-jinja/2.5.2-comp4/lib:/cvmfs/cms.cern.ch/crab3/slc6_amd64_gcc493/external/py2-docutils/0.12/lib:/cvmfs/cms.cern.ch/crab3/slc6_amd64_gcc493/external/py2-pytz/2016.3/lib:/cvmfs/cms.cern.ch/crab3/slc6_amd64_gcc493/external/curl/7.35.0-comp/lib:/cvmfs/cms.cern.ch/crab3/slc6_amd64_gcc493/external/curl/7.35.0-comp/lib:/cvmfs/cms.cern.ch/crab3/slc6_amd64_gcc493/external/py2-six/1.10.0-comp3/lib:/cvmfs/cms.cern.ch/crab3/slc6_amd64_gcc493/external/c-ares/1.10.0/lib:/cvmfs/cms.cern.ch/crab3/slc6_amd64_gcc493/external/py2-setuptools/18.3.2-comp2/lib:/cvmfs/cms.cern.ch/crab3/slc6_amd64_gcc493/external/python/2.7.11-comp/lib:/cvmfs/cms.cern.ch/crab3/slc6_amd64_gcc493/external/python/2.7.11-comp/lib:/cvmfs/cms.cern.ch/crab3/slc6_amd64_gcc493/external/readline/6.2/lib:/cvmfs/cms.cern.ch/crab3/slc6_amd64_gcc493/external/gdbm/1.8.3/lib:/cvmfs/cms.cern.ch/crab3/slc6_amd64_gcc493/external/ncurses/5.9/lib:/cvmfs/cms.cern.ch/crab3/slc6_amd64_gcc493/external/db4/4.8.30/lib:/cvmfs/cms.cern.ch/crab3/slc6_amd64_gcc493/external/sqlite/3.8.10.2/lib:/cvmfs/cms.cern.ch/crab3/slc6_amd64_gcc493/external/expat/2.0.1/lib:/cvmfs/cms.cern.ch/crab3/slc6_amd64_gcc493/external/bz2lib/1.0.6/lib:/cvmfs/cms.cern.ch/crab3/slc6_amd64_gcc493/external/openssl/1.0.1r/lib:/cvmfs/cms.cern.ch/crab3/slc6_amd64_gcc493/external/zlib/1.2.8/lib:/cvmfs/cms.cern.ch/crab3/slc6_amd64_gcc493/external/gcc/4.9.3/lib64:/cvmfs/cms.cern.ch/crab3/slc6_amd64_gcc493/external/gcc/4.9.3/lib:/afs/cern.ch/user/m/mamouzeg/YOURWORKINGAREA/CMSSW_7_1_14/biglib/slc6_amd64_gcc481:/afs/cern.ch/user/m/mamouzeg/YOURWORKINGAREA/CMSSW_7_1_14/lib/slc6_amd64_gcc481:/afs/cern.ch/user/m/mamouzeg/YOURWORKINGAREA/CMSSW_7_1_14/external/slc6_amd64_gcc481/lib:/cvmfs/cms.cern.ch/slc6_amd64_gcc481/cms/cmssw/CMSSW_7_1_14/biglib/slc6_amd64_gcc481:/cvmfs/cms.cern.ch/slc6_amd64_gcc481/cms/cmssw/CMSSW_7_1_14/lib/slc6_amd64_gcc481:/cvmfs/cms.cern.ch/slc6_amd64_gcc481/cms/cmssw/CMSSW_7_1_14/external/slc6_amd64_gcc481/lib:/cvmfs/cms.cern.ch/slc6_amd64_gcc481/external/llvm/3.4-cms2/lib:/cvmfs/cms.cern.ch/slc6_amd64_gcc481/external/gcc/4.8.1/lib64:/cvmfs/cms.cern.ch/slc6_amd64_gcc481/external/gcc/4.8.1/lib:/cvmfs/cms.cern.ch/crab3/slc6_amd64_gcc493/cms/crabclient/3.3.1607/lib:/cvmfs/cms.cern.ch/crab3/slc6_amd64_gcc493/external/py2-ipython/0.10-comp2/lib:/cvmfs/cms.cern.ch/crab3/slc6_amd64_gcc493/cms/dbs3-client/3.3.144/lib:/cvmfs/cms.cern.ch/crab3/slc6_amd64_gcc493/cms/dbs3-pycurl-client/3.3.144/lib:/cvmfs/cms.cern.ch/crab3/slc6_amd64_gcc493/external/py2-httplib2/0.7.1-comp3/lib:/cvmfs/cms.cern.ch/crab3/slc6_amd64_gcc493/external/py2-pycurl/7.19.3-comp3/lib:/cvmfs/cms.cern.ch/crab3/slc6_amd64_gcc493/external/py2-cjson/1.0.5-comp3/lib:/cvmfs/cms.cern.ch/crab3/slc6_amd64_gcc493/external/py2-sphinx/1.3.5/lib:/cvmfs/cms.cern.ch/crab3/slc6_amd64_gcc493/external/py2-pygments/2.1.3/lib:/cvmfs/cms.cern.ch/crab3/slc6_amd64_gcc493/external/py2-jinja/2.5.2-comp4/lib:/cvmfs/cms.cern.ch/crab3/slc6_amd64_gcc493/external/py2-docutils/0.12/lib:/cvmfs/cms.cern.ch/crab3/slc6_amd64_gcc493/external/py2-pytz/2016.3/lib:/cvmfs/cms.cern.ch/crab3/slc6_amd64_gcc493/external/curl/7.35.0-comp/lib:/cvmfs/cms.cern.ch/crab3/slc6_amd64_gcc493/external/curl/7.35.0-comp/lib:/cvmfs/cms.cern.ch/crab3/slc6_amd64_gcc493/external/py2-six/1.10.0-comp3/lib:/cvmfs/cms.cern.ch/crab3/slc6_amd64_gcc493/external/c-ares/1.10.0/lib:/cvmfs/cms.cern.ch/crab3/slc6_amd64_gcc493/external/py2-setuptools/18.3.2-comp2/lib:/cvmfs/cms.cern.ch/crab3/slc6_amd64_gcc493/external/python/2.7.11-comp/lib:/cvmfs/cms.cern.ch/crab3/slc6_amd64_gcc493/external/python/2.7.11-comp/lib:/cvmfs/cms.cern.ch/crab3/slc6_amd64_gcc493/external/readline/6.2/lib:/cvmfs/cms.cern.ch/crab3/slc6_amd64_gcc493/external/gdbm/1.8.3/lib:/cvmfs/cms.cern.ch/crab3/slc6_amd64_gcc493/external/ncurses/5.9/lib:/cvmfs/cms.cern.ch/crab3/slc6_amd64_gcc493/external/db4/4.8.30/lib:/cvmfs/cms.cern.ch/crab3/slc6_amd64_gcc493/external/sqlite/3.8.10.2/lib:/cvmfs/cms.cern.ch/crab3/slc6_amd64_gcc493/external/expat/2.0.1/lib:/cvmfs/cms.cern.ch/crab3/slc6_amd64_gcc493/external/bz2lib/1.0.6/lib:/cvmfs/cms.cern.ch/crab3/slc6_amd64_gcc493/external/openssl/1.0.1r/lib:/cvmfs/cms.cern.ch/crab3/slc6_amd64_gcc493/external/zlib/1.2.8/lib:/cvmfs/cms.cern.ch/crab3/slc6_amd64_gcc493/external/gcc/4.9.3/lib64:/cvmfs/cms.cern.ch/crab3/slc6_amd64_gcc493/external/gcc/4.9.3/lib
LS_COLORS=rs=0:di=01;34:ln=01;36:mh=00:pi=40;33:so=01;35:do=01;35:bd=40;33;01:cd=40;33;01:or=40;31;01:mi=01;05;37;41:su=37;41:sg=30;43:ca=30;41:tw=30;42:ow=34;42:st=37;44:ex=01;32:*.tar=01;31:*.tgz=01;31:*.arj=01;31:*.taz=01;31:*.lzh=01;31:*.lzma=01;31:*.tlz=01;31:*.txz=01;31:*.zip=01;31:*.z=01;31:*.Z=01;31:*.dz=01;31:*.gz=01;31:*.lz=01;31:*.xz=01;31:*.bz2=01;31:*.tbz=01;31:*.tbz2=01;31:*.bz=01;31:*.tz=01;31:*.deb=01;31:*.rpm=01;31:*.jar=01;31:*.rar=01;31:*.ace=01;31:*.zoo=01;31:*.cpio=01;31:*.7z=01;31:*.rz=01;31:*.jpg=01;35:*.jpeg=01;35:*.gif=01;35:*.bmp=01;35:*.pbm=01;35:*.pgm=01;35:*.ppm=01;35:*.tga=01;35:*.xbm=01;35:*.xpm=01;35:*.tif=01;35:*.tiff=01;35:*.png=01;35:*.svg=01;35:*.svgz=01;35:*.mng=01;35:*.pcx=01;35:*.mov=01;35:*.mpg=01;35:*.mpeg=01;35:*.m2v=01;35:*.mkv=01;35:*.ogm=01;35:*.mp4=01;35:*.m4v=01;35:*.mp4v=01;35:*.vob=01;35:*.qt=01;35:*.nuv=01;35:*.wmv=01;35:*.asf=01;35:*.rm=01;35:*.rmvb=01;35:*.flc=01;35:*.avi=01;35:*.fli=01;35:*.flv=01;35:*.gl=01;35:*.dl=01;35:*.xcf=01;35:*.xwd=01;35:*.yuv=01;35:*.cgm=01;35:*.emf=01;35:*.axv=01;35:*.anx=01;35:*.ogv=01;35:*.ogx=01;35:*.aac=01;36:*.au=01;36:*.flac=01;36:*.mid=01;36:*.midi=01;36:*.mka=01;36:*.mp3=01;36:*.mpc=01;36:*.ogg=01;36:*.ra=01;36:*.wav=01;36:*.axa=01;36:*.oga=01;36:*.spx=01;36:*.xspf=01;36:
SHERPA_INCLUDE_PATH=/cvmfs/cms.cern.ch/slc6_amd64_gcc481/external/sherpa/2.1.1-cms5/include/SHERPA-MC
SRT_CMSSW_RELEASE_BASE_SCRAMRTDEL=/cvmfs/cms.cern.ch/slc6_amd64_gcc481/cms/cmssw/CMSSW_7_1_14
SRT_RIVET_ANALYSIS_PATH_SCRAMRTDEL=/afs/cern.ch/user/m/mamouzeg/YOURWORKINGAREA/CMSSW_7_1_14/lib/slc6_amd64_gcc481:/cvmfs/cms.cern.ch/slc6_amd64_gcc481/cms/cmssw/CMSSW_7_1_14/lib/slc6_amd64_gcc481:/cvmfs/cms.cern.ch/slc6_amd64_gcc481/external/rivet/1.8.2-cms8/lib
SRT_CMSSW_VERSION_SCRAMRTDEL=CMSSW_7_1_14
SRT_CMSSW_GIT_HASH_SCRAMRTDEL=CMSSW_7_1_14
SRT_ROOTSYS_SCRAMRTDEL=/cvmfs/cms.cern.ch/slc6_amd64_gcc481/lcg/root/5.34.18-cms5/
VALGRIND_LIB=/cvmfs/cms.cern.ch/slc6_amd64_gcc481/external/valgrind/3.9.0-cms4/lib/valgrind
G4NEUTRONHPDATA=/cvmfs/cms.cern.ch/slc6_amd64_gcc481/external/geant4-G4NDL/4.4/data/G4NDL4.4
GEANT4_PARFULLCMS_CONFIG_DIR=/cvmfs/cms.cern.ch/slc6_amd64_gcc481/external/geant4-parfullcms/2014.01.27-cms3/share/ParFullCMS
CASTOR_HOME=/castor/cern.ch/user/m/mamouzeg
G4RADIOACTIVEDATA=/cvmfs/cms.cern.ch/slc6_amd64_gcc481/external/geant4-G4RadioactiveDecay/4.0/data/RadioactiveDecay4.0
ROOFITSYS=/cvmfs/cms.cern.ch/slc6_amd64_gcc481/lcg/roofit/5.34.18-cms4/
SRT_CLHEP_PARAM_PATH_SCRAMRTDEL=/cvmfs/cms.cern.ch/slc6_amd64_gcc481/external/clhep/2.1.4.1-cms
SRT_G4RADIOACTIVEDATA_SCRAMRTDEL=/cvmfs/cms.cern.ch/slc6_amd64_gcc481/external/geant4-G4RadioactiveDecay/4.0/data/RadioactiveDecay4.0
SRT_ROOFITSYS_SCRAMRTDEL=/cvmfs/cms.cern.ch/slc6_amd64_gcc481/lcg/roofit/5.34.18-cms4/
G4ABLADATA=/cvmfs/cms.cern.ch/slc6_amd64_gcc481/external/geant4-G4ABLA/3.0/data/G4ABLA3.0
SRT_SHERPA_INCLUDE_PATH_SCRAMRTDEL=/cvmfs/cms.cern.ch/slc6_amd64_gcc481/external/sherpa/2.1.1-cms5/include/SHERPA-MC
TMUX=/tmp/mamouzeg/tmux-66665/default,10155,0
SRT_G4FORCENUMBEROFTHREADS_SCRAMRTDEL=max
SRT_PERL5LIB_SCRAMRTDEL=/cvmfs/cms.cern.ch/slc6_amd64_gcc481/external/git/1.8.3.1-cms3/share/perl5
SRT_WORKER_DATA_PATH_SCRAMRTDEL=/cvmfs/cms.cern.ch/slc6_amd64_gcc481/external/blackhat/0.9.9-cms3/share/blackhat/datafiles/
MAIL=/var/spool/mail/mamouzeg
PATH=/cvmfs/cms.cern.ch/crab3/slc6_amd64_gcc493/cms/crabclient/3.3.1607/xbin:/cvmfs/cms.cern.ch/crab3/slc6_amd64_gcc493/cms/crabclient/3.3.1607/bin:/cvmfs/cms.cern.ch/crab3/slc6_amd64_gcc493/external/py2-ipython/0.10-comp2/bin:/cvmfs/cms.cern.ch/crab3/slc6_amd64_gcc493/cms/dbs3-pycurl-client/3.3.144/bin:/cvmfs/cms.cern.ch/crab3/slc6_amd64_gcc493/external/py2-sphinx/1.3.5/bin:/cvmfs/cms.cern.ch/crab3/slc6_amd64_gcc493/external/py2-pygments/2.1.3/bin:/cvmfs/cms.cern.ch/crab3/slc6_amd64_gcc493/external/py2-docutils/0.12/bin:/cvmfs/cms.cern.ch/crab3/slc6_amd64_gcc493/external/curl/7.35.0-comp/bin:/cvmfs/cms.cern.ch/crab3/slc6_amd64_gcc493/external/py2-setuptools/18.3.2-comp2/bin:/cvmfs/cms.cern.ch/crab3/slc6_amd64_gcc493/external/python/2.7.11-comp/bin:/cvmfs/cms.cern.ch/crab3/slc6_amd64_gcc493/external/python/2.7.11-comp/bin:/cvmfs/cms.cern.ch/crab3/slc6_amd64_gcc493/external/ncurses/5.9/bin:/cvmfs/cms.cern.ch/crab3/slc6_amd64_gcc493/external/db4/4.8.30/bin:/cvmfs/cms.cern.ch/crab3/slc6_amd64_gcc493/external/sqlite/3.8.10.2/bin:/cvmfs/cms.cern.ch/crab3/slc6_amd64_gcc493/external/expat/2.0.1/bin:/cvmfs/cms.cern.ch/crab3/slc6_amd64_gcc493/external/bz2lib/1.0.6/bin:/cvmfs/cms.cern.ch/crab3/slc6_amd64_gcc493/external/openssl/1.0.1r/bin:/cvmfs/cms.cern.ch/crab3/slc6_amd64_gcc493/external/gcc/4.9.3/bin:/afs/cern.ch/user/m/mamouzeg/YOURWORKINGAREA/CMSSW_7_1_14/bin/slc6_amd64_gcc481:/afs/cern.ch/user/m/mamouzeg/YOURWORKINGAREA/CMSSW_7_1_14/external/slc6_amd64_gcc481/bin:/cvmfs/cms.cern.ch/slc6_amd64_gcc481/cms/cmssw/CMSSW_7_1_14/bin/slc6_amd64_gcc481:/cvmfs/cms.cern.ch/slc6_amd64_gcc481/cms/cmssw/CMSSW_7_1_14/external/slc6_amd64_gcc481/bin:/cvmfs/cms.cern.ch/slc6_amd64_gcc481/external/llvm/3.4-cms2/bin:/cvmfs/cms.cern.ch/slc6_amd64_gcc481/external/gcc/4.8.1/bin:/afs/cern.ch/group/zh/bin:/afs/cern.ch/user/m/mamouzeg/scripts:/afs/cern.ch/cms/caf/scripts:/cvmfs/cms.cern.ch/common:/cvmfs/cms.cern.ch/bin:/cvmfs/cms.cern.ch/crab3/slc6_amd64_gcc493/cms/crabclient/3.3.1607/xbin:/cvmfs/cms.cern.ch/crab3/slc6_amd64_gcc493/cms/crabclient/3.3.1607/bin:/cvmfs/cms.cern.ch/crab3/slc6_amd64_gcc493/external/py2-ipython/0.10-comp2/bin:/cvmfs/cms.cern.ch/crab3/slc6_amd64_gcc493/cms/dbs3-client/3.3.144/bin:/cvmfs/cms.cern.ch/crab3/slc6_amd64_gcc493/cms/dbs3-pycurl-client/3.3.144/bin:/cvmfs/cms.cern.ch/crab3/slc6_amd64_gcc493/external/py2-sphinx/1.3.5/bin:/cvmfs/cms.cern.ch/crab3/slc6_amd64_gcc493/external/py2-pygments/2.1.3/bin:/cvmfs/cms.cern.ch/crab3/slc6_amd64_gcc493/external/py2-docutils/0.12/bin:/cvmfs/cms.cern.ch/crab3/slc6_amd64_gcc493/external/curl/7.35.0-comp/bin:/cvmfs/cms.cern.ch/crab3/slc6_amd64_gcc493/external/py2-setuptools/18.3.2-comp2/bin:/cvmfs/cms.cern.ch/crab3/slc6_amd64_gcc493/external/python/2.7.11-comp/bin:/cvmfs/cms.cern.ch/crab3/slc6_amd64_gcc493/external/ncurses/5.9/bin:/cvmfs/cms.cern.ch/crab3/slc6_amd64_gcc493/external/db4/4.8.30/bin:/cvmfs/cms.cern.ch/crab3/slc6_amd64_gcc493/external/sqlite/3.8.10.2/bin:/cvmfs/cms.cern.ch/crab3/slc6_amd64_gcc493/external/expat/2.0.1/bin:/cvmfs/cms.cern.ch/crab3/slc6_amd64_gcc493/external/bz2lib/1.0.6/bin:/cvmfs/cms.cern.ch/crab3/slc6_amd64_gcc493/external/openssl/1.0.1r/bin:/cvmfs/cms.cern.ch/crab3/slc6_amd64_gcc493/external/gcc/4.9.3/bin:/usr/sue/bin:/usr/lib64/qt-3.3/bin:/usr/kerberos/sbin:/usr/kerberos/bin:/usr/local/bin:/bin:/usr/bin:/usr/local/sbin:/usr/sbin:/sbin:/afs/cern.ch/user/m/mamouzeg/bin:/afs/cern.ch/user/m/mamouzeg/bin
SRT_HEPPDT_PARAM_PATH_SCRAMRTDEL=/cvmfs/cms.cern.ch/slc6_amd64_gcc481/external/heppdt/3.03.00
TNS_ADMIN=/cvmfs/cms.cern.ch/slc6_amd64_gcc481/cms/oracle-env/29-cms/etc
SRT_CMSSW_SEARCH_PATH_SCRAMRTDEL=/afs/cern.ch/user/m/mamouzeg/YOURWORKINGAREA/CMSSW_7_1_14/src:/afs/cern.ch/user/m/mamouzeg/YOURWORKINGAREA/CMSSW_7_1_14/external/slc6_amd64_gcc481/data:/cvmfs/cms.cern.ch/slc6_amd64_gcc481/cms/cmssw/CMSSW_7_1_14/src:/cvmfs/cms.cern.ch/slc6_amd64_gcc481/cms/cmssw/CMSSW_7_1_14/external/slc6_amd64_gcc481/data
SRT_DBS_CLIENT_CONFIG_SCRAMRTDEL=/cvmfs/cms.cern.ch/slc6_amd64_gcc481/cms/dbs-client/DBS_2_1_9-cms2/lib/DBSAPI/dbs.config
SRT_GIT_SSL_CAINFO_SCRAMRTDEL=/cvmfs/cms.cern.ch/slc6_amd64_gcc481/external/git/1.8.3.1-cms3/share/ssl/certs/ca-bundle.crt
_=/bin/env
CMS_PATH=/cvmfs/cms.cern.ch
SRT_PATH_SCRAMRT=/afs/cern.ch/user/m/mamouzeg/YOURWORKINGAREA/CMSSW_7_1_14/bin/slc6_amd64_gcc481:/afs/cern.ch/user/m/mamouzeg/YOURWORKINGAREA/CMSSW_7_1_14/external/slc6_amd64_gcc481/bin:/cvmfs/cms.cern.ch/slc6_amd64_gcc481/cms/cmssw/CMSSW_7_1_14/bin/slc6_amd64_gcc481:/cvmfs/cms.cern.ch/slc6_amd64_gcc481/cms/cmssw/CMSSW_7_1_14/external/slc6_amd64_gcc481/bin:/cvmfs/cms.cern.ch/slc6_amd64_gcc481/external/llvm/3.4-cms2/bin:/cvmfs/cms.cern.ch/slc6_amd64_gcc481/external/gcc/4.8.1/bin
PWD=/afs/cern.ch/user/m/mamouzeg/YOURWORKINGAREA/CMSSW_7_1_14/src/emjet_generate
RIVET_ANALYSIS_PATH=/afs/cern.ch/user/m/mamouzeg/YOURWORKINGAREA/CMSSW_7_1_14/lib/slc6_amd64_gcc481:/cvmfs/cms.cern.ch/slc6_amd64_gcc481/cms/cmssw/CMSSW_7_1_14/lib/slc6_amd64_gcc481:/cvmfs/cms.cern.ch/slc6_amd64_gcc481/external/rivet/1.8.2-cms8/lib
SRT_CMSSW_BASE_SCRAMRTDEL=/afs/cern.ch/user/m/mamouzeg/YOURWORKINGAREA/CMSSW_7_1_14
SRT_LANG_SCRAMRT=C
SRT_LOCALRT_SCRAMRTDEL=/afs/cern.ch/user/m/mamouzeg/YOURWORKINGAREA/CMSSW_7_1_14
WWW_HOME=http://cmsdoc.cern.ch/cms.html
EDITOR=/bin/nano -w
LANG=C
MODULEPATH=/usr/share/Modules/modulefiles:/etc/modulefiles
KDEDIRS=/usr
LOADEDMODULES=
SRT_G4NEUTRONHPDATA_SCRAMRTDEL=/cvmfs/cms.cern.ch/slc6_amd64_gcc481/external/geant4-G4NDL/4.4/data/G4NDL4.4
SRT_SHERPA_SHARE_PATH_SCRAMRTDEL=/cvmfs/cms.cern.ch/slc6_amd64_gcc481/external/sherpa/2.1.1-cms5/share/SHERPA-MC
TMUX_PANE=%0
CASCADE_PDFPATH=/cvmfs/cms.cern.ch/slc6_amd64_gcc481/external/cascade/2.2.04-cms7/share
MYPROXY_SERVER=myproxy.cern.ch
SELINUX_LEVEL_REQUESTED=
SRT_CASCADE_PDFPATH_SCRAMRTDEL=/cvmfs/cms.cern.ch/slc6_amd64_gcc481/external/cascade/2.2.04-cms7/share
SRT_LHAPATH_SCRAMRTDEL=/cvmfs/cms.cern.ch/slc6_amd64_gcc481/external/lhapdf/5.9.1-cms3/share/lhapdf/PDFsets
G4SAIDXSDATA=/cvmfs/cms.cern.ch/slc6_amd64_gcc481/external/geant4-G4SAIDDATA/1.1-cms/data/G4SAIDDATA1.1
GIT_TEMPLATE_DIR=/cvmfs/cms.cern.ch/slc6_amd64_gcc481/external/git/1.8.3.1-cms3/share/git-core/templates
GROUP_DIR=/afs/cern.ch/group/zh
SRT_DBSCMD_HOME_SCRAMRTDEL=/cvmfs/cms.cern.ch/slc6_amd64_gcc481/cms/dbs-client/DBS_2_1_9-cms2/lib/DBSAPI
WORKER_DATA_PATH=/cvmfs/cms.cern.ch/slc6_amd64_gcc481/external/blackhat/0.9.9-cms3/share/blackhat/datafiles/
SRT_CMSSW_FWLITE_INCLUDE_PATH_SCRAMRTDEL=/cvmfs/cms.cern.ch/slc6_amd64_gcc481/external/sherpa/2.1.1-cms5/include:/cvmfs/cms.cern.ch/slc6_amd64_gcc481/external/hepmc/2.06.07-cms4/include:/cvmfs/cms.cern.ch/slc6_amd64_gcc481/external/boost/1.51.0-cms2/include:/cvmfs/cms.cern.ch/slc6_amd64_gcc481/external/clhep/2.1.4.1-cms/include
SRT_PYTHONPATH_SCRAMRT=/afs/cern.ch/user/m/mamouzeg/YOURWORKINGAREA/CMSSW_7_1_14/python:/afs/cern.ch/user/m/mamouzeg/YOURWORKINGAREA/CMSSW_7_1_14/lib/slc6_amd64_gcc481:/cvmfs/cms.cern.ch/slc6_amd64_gcc481/cms/cmssw/CMSSW_7_1_14/python:/cvmfs/cms.cern.ch/slc6_amd64_gcc481/cms/cmssw/CMSSW_7_1_14/lib/slc6_amd64_gcc481:/cvmfs/cms.cern.ch/slc6_amd64_gcc481/cms/coral/CORAL_2_3_21-cms44/slc6_amd64_gcc481/python:/cvmfs/cms.cern.ch/slc6_amd64_gcc481/cms/coral/CORAL_2_3_21-cms44/slc6_amd64_gcc481/lib:/cvmfs/cms.cern.ch/slc6_amd64_gcc481/external/pyqt/4.8.1-cms2/lib/python2.7/site-packages:/cvmfs/cms.cern.ch/slc6_amd64_gcc481/external/py2-scipy/0.8.0-cms2/lib/python2.7/site-packages:/cvmfs/cms.cern.ch/slc6_amd64_gcc481/external/py2-matplotlib/1.2.1-cms2/lib/python2.7/site-packages:/cvmfs/cms.cern.ch/slc6_amd64_gcc481/external/yoda/1.0.4-cms/lib/python2.7/site-packages:/cvmfs/cms.cern.ch/slc6_amd64_gcc481/external/python-ldap/2.4.10-cms2/lib/python2.7/site-packages:/cvmfs/cms.cern.ch/slc6_amd64_gcc481/external/sip/4.11.2-cms2/lib/python2.7/site-packages:/cvmfs/cms.cern.ch/slc6_amd64_gcc481/external/llvm/3.4-cms2/lib/python2.7/site-packages:/cvmfs/cms.cern.ch/slc6_amd64_gcc481/external/py2-sqlalchemy/0.8.2-cms3/lib/python2.7/site-packages:/cvmfs/cms.cern.ch/slc6_amd64_gcc481/external/py2-pycurl/7.19.0-cms2/lib/python2.7/site-packages:/cvmfs/cms.cern.ch/slc6_amd64_gcc481/external/py2-python-dateutil/1.1-cms2/lib/python2.7/site-packages:/cvmfs/cms.cern.ch/slc6_amd64_gcc481/external/py2-numpy/1.6.1-cms2/lib/python2.7/site-packages:/cvmfs/cms.cern.ch/slc6_amd64_gcc481/external/py2-lint/0.25.1-cms2/lib/python2.7/site-packages:/cvmfs/cms.cern.ch/slc6_amd64_gcc481/external/py2-ipython/0.10-cms2/lib/python2.7/site-packages:/cvmfs/cms.cern.ch/slc6_amd64_gcc481/external/py2-cx-oracle/5.1-cms3/lib/python2.7/site-packages:/cvmfs/cms.cern.ch/slc6_amd64_gcc481/external/py2-cjson/1.0.5-cms2/lib/python2.7/site-packages:/cvmfs/cms.cern.ch/slc6_amd64_gcc481/external/frontier_client/2.8.10-cms/python/lib:/cvmfs/cms.cern.ch/slc6_amd64_gcc481/cms/das-client/2.5.0-cms/bin:/cvmfs/cms.cern.ch/slc6_amd64_gcc481/external/cython/0.19.1-cms/lib/python2.7/site-packages:/cvmfs/cms.cern.ch/slc6_amd64_gcc481/external/rivet/1.8.2-cms8/lib/python2.7/site-packages:/cvmfs/cms.cern.ch/slc6_amd64_gcc481/external/pyminuit2/0.0.1-cms19/lib/python2.7/site-packages:/cvmfs/cms.cern.ch/slc6_amd64_gcc481/external/py2-pygithub/1.23.0-cms/lib/python2.7/site-packages:/cvmfs/cms.cern.ch/slc6_amd64_gcc481/external/py2-networkx/1.8.1-cms/lib/python2.7/site-packages:/cvmfs/cms.cern.ch/slc6_amd64_gcc481/external/professor/1.0.0-cms19/lib/python2.7/site-packages:/cvmfs/cms.cern.ch/slc6_amd64_gcc481/lcg/root/5.34.18-cms5/lib:/cvmfs/cms.cern.ch/slc6_amd64_gcc481/cms/dbs-client/DBS_2_1_9-cms2/lib:/cvmfs/cms.cern.ch/slc6_amd64_gcc481/cms/dbs-client/DBS_2_1_9-cms2/lib/DBSAPI:/cvmfs/cms.cern.ch/slc6_amd64_gcc481/external/cvs2git/5419-cms2/lib
HISTCONTROL=ignoredups
KRB5CCNAME=FILE:/tmp/krb5cc_66665_jR4AlZ
ROOTSYS=/cvmfs/cms.cern.ch/slc6_amd64_gcc481/lcg/root/5.34.18-cms5/
SRT_HERWIGPATH_SCRAMRTDEL=/cvmfs/cms.cern.ch/slc6_amd64_gcc481/external/herwigpp/2.7.1-cms5/share/Herwig++
SRT_PYTHIA8DATA_SCRAMRTDEL=/cvmfs/cms.cern.ch/slc6_amd64_gcc481/external/pythia8/205-cms/share/Pythia8/xmldoc
SSH_ASKPASS=/usr/libexec/openssh/gnome-ssh-askpass
TEXINPUTS=:/afs/cern.ch/group/zh/latex/styles
HOME=/afs/cern.ch/user/m/mamouzeg
SHLVL=3
SHERPA_LIBRARY_PATH=/cvmfs/cms.cern.ch/slc6_amd64_gcc481/external/sherpa/2.1.1-cms5/lib/SHERPA-MC
CMSSW_SEARCH_PATH=/afs/cern.ch/user/m/mamouzeg/YOURWORKINGAREA/CMSSW_7_1_14/src:/afs/cern.ch/user/m/mamouzeg/YOURWORKINGAREA/CMSSW_7_1_14/external/slc6_amd64_gcc481/data:/cvmfs/cms.cern.ch/slc6_amd64_gcc481/cms/cmssw/CMSSW_7_1_14/src:/cvmfs/cms.cern.ch/slc6_amd64_gcc481/cms/cmssw/CMSSW_7_1_14/external/slc6_amd64_gcc481/data
GENREFLEX=/cvmfs/cms.cern.ch/slc6_amd64_gcc481/lcg/root/5.34.18-cms5/bin/genreflex
SRT_G4LEDATA_SCRAMRTDEL=/cvmfs/cms.cern.ch/slc6_amd64_gcc481/external/geant4-G4EMLOW/6.35/data/G4EMLOW6.35
SRT_GENREFLEX_SCRAMRTDEL=/cvmfs/cms.cern.ch/slc6_amd64_gcc481/lcg/root/5.34.18-cms5/bin/genreflex
MALLOC_CONF=lg_chunk:18,lg_dirty_mult:4
SRT_EVTGENDATA_SCRAMRTDEL=/cvmfs/cms.cern.ch/slc6_amd64_gcc481/external/evtgen/1.3.0-cms11/share
SRT_QTLIB_SCRAMRT=/cvmfs/cms.cern.ch/slc6_amd64_gcc481/external/qt/4.8.1/lib
SRT_CMSSW_DATA_PATH_SCRAMRTDEL=/cvmfs/cms.cern.ch/slc6_amd64_gcc481/cms
HEPPDT_PARAM_PATH=/cvmfs/cms.cern.ch/slc6_amd64_gcc481/external/heppdt/3.03.00
LCG_GFAL_INFOSYS=lcg-bdii.cern.ch:2170
LOGNAME=mamouzeg
PYTHONPATH=/cvmfs/cms.cern.ch/crab3/slc6_amd64_gcc493/cms/crabclient/3.3.1607/xlib/python2.7/site-packages:/cvmfs/cms.cern.ch/crab3/slc6_amd64_gcc493/cms/crabclient/3.3.1607/lib/python2.7/site-packages:/cvmfs/cms.cern.ch/crab3/slc6_amd64_gcc493/external/py2-ipython/0.10-comp2/lib/python2.7/site-packages:/cvmfs/cms.cern.ch/crab3/slc6_amd64_gcc493/cms/dbs3-pycurl-client/3.3.144/xlib/python2.7/site-packages:/cvmfs/cms.cern.ch/crab3/slc6_amd64_gcc493/cms/dbs3-pycurl-client/3.3.144/lib/python2.7/site-packages:/cvmfs/cms.cern.ch/crab3/slc6_amd64_gcc493/external/py2-httplib2/0.7.1-comp3/lib/python2.7/site-packages:/cvmfs/cms.cern.ch/crab3/slc6_amd64_gcc493/external/py2-pycurl/7.19.3-comp3/lib/python2.7/site-packages:/cvmfs/cms.cern.ch/crab3/slc6_amd64_gcc493/external/py2-cjson/1.0.5-comp3/lib/python2.7/site-packages:/cvmfs/cms.cern.ch/crab3/slc6_amd64_gcc493/external/py2-sphinx/1.3.5/lib/python2.7/site-packages:/cvmfs/cms.cern.ch/crab3/slc6_amd64_gcc493/external/py2-pygments/2.1.3/lib/python2.7/site-packages:/cvmfs/cms.cern.ch/crab3/slc6_amd64_gcc493/external/py2-jinja/2.5.2-comp4/lib/python2.7/site-packages:/cvmfs/cms.cern.ch/crab3/slc6_amd64_gcc493/external/py2-docutils/0.12/lib/python2.7/site-packages:/cvmfs/cms.cern.ch/crab3/slc6_amd64_gcc493/external/py2-pytz/2016.3/lib/python2.7/site-packages:/cvmfs/cms.cern.ch/crab3/slc6_amd64_gcc493/external/py2-six/1.10.0-comp3/lib/python2.7/site-packages:/cvmfs/cms.cern.ch/crab3/slc6_amd64_gcc493/external/py2-setuptools/18.3.2-comp2/lib/python2.7/site-packages:/afs/cern.ch/user/m/mamouzeg/YOURWORKINGAREA/CMSSW_7_1_14/python:/afs/cern.ch/user/m/mamouzeg/YOURWORKINGAREA/CMSSW_7_1_14/lib/slc6_amd64_gcc481:/cvmfs/cms.cern.ch/slc6_amd64_gcc481/cms/cmssw/CMSSW_7_1_14/python:/cvmfs/cms.cern.ch/slc6_amd64_gcc481/cms/cmssw/CMSSW_7_1_14/lib/slc6_amd64_gcc481:/cvmfs/cms.cern.ch/slc6_amd64_gcc481/cms/coral/CORAL_2_3_21-cms44/slc6_amd64_gcc481/python:/cvmfs/cms.cern.ch/slc6_amd64_gcc481/cms/coral/CORAL_2_3_21-cms44/slc6_amd64_gcc481/lib:/cvmfs/cms.cern.ch/slc6_amd64_gcc481/external/pyqt/4.8.1-cms2/lib/python2.7/site-packages:/cvmfs/cms.cern.ch/slc6_amd64_gcc481/external/py2-scipy/0.8.0-cms2/lib/python2.7/site-packages:/cvmfs/cms.cern.ch/slc6_amd64_gcc481/external/py2-matplotlib/1.2.1-cms2/lib/python2.7/site-packages:/cvmfs/cms.cern.ch/slc6_amd64_gcc481/external/yoda/1.0.4-cms/lib/python2.7/site-packages:/cvmfs/cms.cern.ch/slc6_amd64_gcc481/external/python-ldap/2.4.10-cms2/lib/python2.7/site-packages:/cvmfs/cms.cern.ch/slc6_amd64_gcc481/external/sip/4.11.2-cms2/lib/python2.7/site-packages:/cvmfs/cms.cern.ch/slc6_amd64_gcc481/external/llvm/3.4-cms2/lib/python2.7/site-packages:/cvmfs/cms.cern.ch/slc6_amd64_gcc481/external/py2-sqlalchemy/0.8.2-cms3/lib/python2.7/site-packages:/cvmfs/cms.cern.ch/slc6_amd64_gcc481/external/py2-pycurl/7.19.0-cms2/lib/python2.7/site-packages:/cvmfs/cms.cern.ch/slc6_amd64_gcc481/external/py2-python-dateutil/1.1-cms2/lib/python2.7/site-packages:/cvmfs/cms.cern.ch/slc6_amd64_gcc481/external/py2-numpy/1.6.1-cms2/lib/python2.7/site-packages:/cvmfs/cms.cern.ch/slc6_amd64_gcc481/external/py2-lint/0.25.1-cms2/lib/python2.7/site-packages:/cvmfs/cms.cern.ch/slc6_amd64_gcc481/external/py2-ipython/0.10-cms2/lib/python2.7/site-packages:/cvmfs/cms.cern.ch/slc6_amd64_gcc481/external/py2-cx-oracle/5.1-cms3/lib/python2.7/site-packages:/cvmfs/cms.cern.ch/slc6_amd64_gcc481/external/py2-cjson/1.0.5-cms2/lib/python2.7/site-packages:/cvmfs/cms.cern.ch/slc6_amd64_gcc481/external/frontier_client/2.8.10-cms/python/lib:/cvmfs/cms.cern.ch/slc6_amd64_gcc481/cms/das-client/2.5.0-cms/bin:/cvmfs/cms.cern.ch/slc6_amd64_gcc481/external/cython/0.19.1-cms/lib/python2.7/site-packages:/cvmfs/cms.cern.ch/slc6_amd64_gcc481/external/rivet/1.8.2-cms8/lib/python2.7/site-packages:/cvmfs/cms.cern.ch/slc6_amd64_gcc481/external/pyminuit2/0.0.1-cms19/lib/python2.7/site-packages:/cvmfs/cms.cern.ch/slc6_amd64_gcc481/external/py2-pygithub/1.23.0-cms/lib/python2.7/site-packages:/cvmfs/cms.cern.ch/slc6_amd64_gcc481/external/py2-networkx/1.8.1-cms/lib/python2.7/site-packages:/cvmfs/cms.cern.ch/slc6_amd64_gcc481/external/professor/1.0.0-cms19/lib/python2.7/site-packages:/cvmfs/cms.cern.ch/slc6_amd64_gcc481/lcg/root/5.34.18-cms5/lib:/cvmfs/cms.cern.ch/slc6_amd64_gcc481/cms/dbs-client/DBS_2_1_9-cms2/lib:/cvmfs/cms.cern.ch/slc6_amd64_gcc481/cms/dbs-client/DBS_2_1_9-cms2/lib/DBSAPI:/cvmfs/cms.cern.ch/slc6_amd64_gcc481/external/cvs2git/5419-cms2/lib:/cvmfs/cms.cern.ch/crab3/slc6_amd64_gcc493/cms/crabclient/3.3.1607/xlib/python2.7/site-packages:/cvmfs/cms.cern.ch/crab3/slc6_amd64_gcc493/cms/crabclient/3.3.1607/lib/python2.7/site-packages:/cvmfs/cms.cern.ch/crab3/slc6_amd64_gcc493/external/py2-ipython/0.10-comp2/lib/python2.7/site-packages:/cvmfs/cms.cern.ch/crab3/slc6_amd64_gcc493/cms/dbs3-client/3.3.144/xlib/python2.7/site-packages:/cvmfs/cms.cern.ch/crab3/slc6_amd64_gcc493/cms/dbs3-client/3.3.144/lib/python2.7/site-packages:/cvmfs/cms.cern.ch/crab3/slc6_amd64_gcc493/cms/dbs3-pycurl-client/3.3.144/xlib/python2.7/site-packages:/cvmfs/cms.cern.ch/crab3/slc6_amd64_gcc493/cms/dbs3-pycurl-client/3.3.144/lib/python2.7/site-packages:/cvmfs/cms.cern.ch/crab3/slc6_amd64_gcc493/external/py2-httplib2/0.7.1-comp3/lib/python2.7/site-packages:/cvmfs/cms.cern.ch/crab3/slc6_amd64_gcc493/external/py2-pycurl/7.19.3-comp3/lib/python2.7/site-packages:/cvmfs/cms.cern.ch/crab3/slc6_amd64_gcc493/external/py2-cjson/1.0.5-comp3/lib/python2.7/site-packages:/cvmfs/cms.cern.ch/crab3/slc6_amd64_gcc493/external/py2-sphinx/1.3.5/lib/python2.7/site-packages:/cvmfs/cms.cern.ch/crab3/slc6_amd64_gcc493/external/py2-pygments/2.1.3/lib/python2.7/site-packages:/cvmfs/cms.cern.ch/crab3/slc6_amd64_gcc493/external/py2-jinja/2.5.2-comp4/lib/python2.7/site-packages:/cvmfs/cms.cern.ch/crab3/slc6_amd64_gcc493/external/py2-docutils/0.12/lib/python2.7/site-packages:/cvmfs/cms.cern.ch/crab3/slc6_amd64_gcc493/external/py2-pytz/2016.3/lib/python2.7/site-packages:/cvmfs/cms.cern.ch/crab3/slc6_amd64_gcc493/external/py2-six/1.10.0-comp3/lib/python2.7/site-packages:/cvmfs/cms.cern.ch/crab3/slc6_amd64_gcc493/external/py2-setuptools/18.3.2-comp2/lib/python2.7/site-packages
SRT_LD_LIBRARY_PATH_SCRAMRT=/afs/cern.ch/user/m/mamouzeg/YOURWORKINGAREA/CMSSW_7_1_14/biglib/slc6_amd64_gcc481:/afs/cern.ch/user/m/mamouzeg/YOURWORKINGAREA/CMSSW_7_1_14/lib/slc6_amd64_gcc481:/afs/cern.ch/user/m/mamouzeg/YOURWORKINGAREA/CMSSW_7_1_14/external/slc6_amd64_gcc481/lib:/cvmfs/cms.cern.ch/slc6_amd64_gcc481/cms/cmssw/CMSSW_7_1_14/biglib/slc6_amd64_gcc481:/cvmfs/cms.cern.ch/slc6_amd64_gcc481/cms/cmssw/CMSSW_7_1_14/lib/slc6_amd64_gcc481:/cvmfs/cms.cern.ch/slc6_amd64_gcc481/cms/cmssw/CMSSW_7_1_14/external/slc6_amd64_gcc481/lib:/cvmfs/cms.cern.ch/slc6_amd64_gcc481/external/llvm/3.4-cms2/lib:/cvmfs/cms.cern.ch/slc6_amd64_gcc481/external/gcc/4.8.1/lib64:/cvmfs/cms.cern.ch/slc6_amd64_gcc481/external/gcc/4.8.1/lib
CVS_RSH=ssh
QTLIB=/cvmfs/cms.cern.ch/slc6_amd64_gcc481/external/qt/4.8.1/lib:/usr/lib64/qt-3.3/lib
DBS3_CLIENT_ROOT=/cvmfs/cms.cern.ch/crab3/slc6_amd64_gcc493/cms/dbs3-client/3.3.144/
SSH_CONNECTION=206.196.187.36 49167 188.184.47.42 22
MODULESHOME=/usr/share/Modules
FRONTIER_CLIENT=/cvmfs/cms.cern.ch/slc6_amd64_gcc481/external/frontier_client/2.8.10-cms/
LESSOPEN=||/usr/bin/lesspipe.sh %s
SRT_G4NEUTRONXSDATA_SCRAMRTDEL=/cvmfs/cms.cern.ch/slc6_amd64_gcc481/external/geant4-G4NEUTRONXS/1.4/data/G4NEUTRONXS1.4
SRT_SHERPA_LIBRARY_PATH_SCRAMRTDEL=/cvmfs/cms.cern.ch/slc6_amd64_gcc481/external/sherpa/2.1.1-cms5/lib/SHERPA-MC
CLHEP_PARAM_PATH=/cvmfs/cms.cern.ch/slc6_amd64_gcc481/external/clhep/2.1.4.1-cms
HERWIGPATH=/cvmfs/cms.cern.ch/slc6_amd64_gcc481/external/herwigpp/2.7.1-cms5/share/Herwig++
PYTHIA8DATA=/cvmfs/cms.cern.ch/slc6_amd64_gcc481/external/pythia8/205-cms/share/Pythia8/xmldoc
SRT_FRONTIER_CLIENT_SCRAMRTDEL=/cvmfs/cms.cern.ch/slc6_amd64_gcc481/external/frontier_client/2.8.10-cms/
DISPLAY=localhost:28.0
SRT_G4SAIDXSDATA_SCRAMRTDEL=/cvmfs/cms.cern.ch/slc6_amd64_gcc481/external/geant4-G4SAIDDATA/1.1-cms/data/G4SAIDDATA1.1
SRT_GIT_TEMPLATE_DIR_SCRAMRTDEL=/cvmfs/cms.cern.ch/slc6_amd64_gcc481/external/git/1.8.3.1-cms3/share/git-core/templates
CMSSW_VERSION=CMSSW_7_1_14
RFIO_USE_CASTOR_V2=YES
SHERPA_SHARE_PATH=/cvmfs/cms.cern.ch/slc6_amd64_gcc481/external/sherpa/2.1.1-cms5/share/SHERPA-MC
GIT_EXEC_PATH=/cvmfs/cms.cern.ch/slc6_amd64_gcc481/external/git/1.8.3.1-cms3/libexec/git-core
G_BROKEN_FILENAMES=1
SCRATCH=/tmp/mamouzeg
CMSSW_BASE=/afs/cern.ch/user/m/mamouzeg/YOURWORKINGAREA/CMSSW_7_1_14
DBS3_CLIENT_VERSION=3.3.144
LOCALRT=/afs/cern.ch/user/m/mamouzeg/YOURWORKINGAREA/CMSSW_7_1_14
SRT_VALGRIND_LIB_SCRAMRTDEL=/cvmfs/cms.cern.ch/slc6_amd64_gcc481/external/valgrind/3.9.0-cms4/lib/valgrind
BASH_FUNC_module()=() {  eval `/usr/bin/modulecmd bash $*`
}

DEBUG 2016-07-19 22:43:26,602: 	 cacheURL: https://cmsweb.cern.ch/crabcache
Log file name: 2016-07-19_224326_crab.log
INFO 2016-07-19 22:43:26,602: 	 Uploading log file...
INFO 2016-07-19 22:43:26,862: 	 Success: Log file uploaded successfully.
DEBUG 2016-07-19 22:43:26,862: 	 Retrieving username from SiteDB...
DEBUG 2016-07-19 22:43:29,649: 	 Username is: mamouzeg
INFO 2016-07-19 22:43:29,650: 	 Log file URL: https://cmsweb.cern.ch/crabcache/logfile?name=2016-07-19_224326_crab.log&username=mamouzeg
ERROR 2016-07-19 22:43:29,650: 	 	The log file /afs/cern.ch/user/m/mamouzeg/YOURWORKINGAREA/CMSSW_7_1_14/src/emjet_generate/crabTasks/EmJetSignalMC-20160719-224322/crab_EmJetSignalMC-20160719-224322/crab.log has been uploaded automatically to the CRAB cache.
	Please email the following URL 'https://cmsweb.cern.ch/crabcache/logfile?name=2016-07-19_224326_crab.log&username=mamouzeg' to hn-cms-computing-tools@cern.ch if you need help from Analysis Operations.
